mode: set
API_Basics/API_SQL/apisql.go:15.59,19.16 3 1
API_Basics/API_SQL/apisql.go:19.16,25.3 4 0
API_Basics/API_SQL/apisql.go:32.66,36.16 3 1
API_Basics/API_SQL/apisql.go:36.16,42.3 4 0
API_Basics/API_SQL/apisql.go:44.2,49.16 3 1
API_Basics/API_SQL/apisql.go:49.16,55.3 4 1
API_Basics/API_SQL/apisql.go:57.2,59.91 2 1
API_Basics/API_SQL/apisql.go:63.66,67.16 3 1
API_Basics/API_SQL/apisql.go:67.16,73.3 4 1
API_Basics/API_SQL/apisql.go:75.2,84.16 6 1
API_Basics/API_SQL/apisql.go:84.16,85.27 1 1
API_Basics/API_SQL/apisql.go:85.27,90.4 3 1
API_Basics/API_SQL/apisql.go:92.3,96.9 3 0
API_Basics/API_SQL/apisql.go:99.2,100.72 2 1
API_Basics/API_SQL/apisql.go:103.67,105.16 2 0
API_Basics/API_SQL/apisql.go:105.16,108.3 2 0
API_Basics/API_SQL/apisql.go:110.2,112.18 2 0
API_Basics/API_SQL/apisql.go:112.18,120.17 5 0
API_Basics/API_SQL/apisql.go:120.17,125.4 3 0
API_Basics/API_SQL/apisql.go:127.3,127.75 1 0
API_Basics/API_SQL/apisql.go:131.71,135.16 3 1
API_Basics/API_SQL/apisql.go:135.16,141.3 4 1
API_Basics/API_SQL/apisql.go:143.2,145.16 2 1
API_Basics/API_SQL/apisql.go:145.16,150.3 3 0
API_Basics/API_SQL/apisql.go:152.2,154.16 2 1
API_Basics/API_SQL/apisql.go:154.16,159.3 3 1
API_Basics/API_SQL/apisql.go:161.2,162.40 2 1
API_Basics/API_SQL/apisql.go:165.69,169.16 3 1
API_Basics/API_SQL/apisql.go:169.16,175.3 4 1
API_Basics/API_SQL/apisql.go:177.2,179.16 2 1
API_Basics/API_SQL/apisql.go:179.16,182.3 2 0
API_Basics/API_SQL/apisql.go:184.2,185.16 2 1
API_Basics/API_SQL/apisql.go:185.16,190.3 3 1
API_Basics/API_SQL/apisql.go:192.2,193.40 2 1
API_Basics/API_SQL/apisql.go:196.13,203.16 4 0
API_Basics/API_SQL/apisql.go:203.16,205.3 1 0
API_Basics/API_SQL/apisql.go:207.2,208.16 2 0
API_Basics/API_SQL/apisql.go:208.16,210.3 1 0
API_Basics/API_SQL/apisql.go:212.2,213.16 2 0
API_Basics/API_SQL/apisql.go:213.16,215.3 1 0
API_Basics/API_SQL/apisql.go:217.2,233.33 8 0
